08:53:52.611 [main] INFO  testCases.TC_002_LoginPageTest - *** Starting TC_002_LoginPageTest ***
08:53:52.990 [main] INFO  testCases.TC_002_LoginPageTest - Clicked on MyAccount link
08:53:53.770 [main] INFO  testCases.TC_002_LoginPageTest - Clicked on Login link
08:53:54.102 [main] INFO  testCases.TC_002_LoginPageTest - Provided Login details
08:58:19.139 [main] DEBUG io.netty.util.internal.logging.InternalLoggerFactory - Using Log4J2 as the default logging framework
08:58:19.155 [main] DEBUG io.netty.util.ResourceLeakDetector - -Dio.netty.leakDetection.level: simple
08:58:19.155 [main] DEBUG io.netty.util.ResourceLeakDetector - -Dio.netty.leakDetection.targetRecords: 4
08:58:19.164 [main] DEBUG io.netty.util.ResourceLeakDetectorFactory - Loaded default ResourceLeakDetector: io.netty.util.ResourceLeakDetector@bb095
08:58:19.204 [main] DEBUG io.netty.util.internal.PlatformDependent0 - -Dio.netty.noUnsafe: false
08:58:19.204 [main] DEBUG io.netty.util.internal.PlatformDependent0 - Java version: 17
08:58:19.207 [main] DEBUG io.netty.util.internal.PlatformDependent0 - sun.misc.Unsafe.theUnsafe: available
08:58:19.208 [main] DEBUG io.netty.util.internal.PlatformDependent0 - sun.misc.Unsafe.copyMemory: available
08:58:19.209 [main] DEBUG io.netty.util.internal.PlatformDependent0 - sun.misc.Unsafe.storeFence: available
08:58:19.212 [main] DEBUG io.netty.util.internal.PlatformDependent0 - java.nio.Buffer.address: available
08:58:19.213 [main] DEBUG io.netty.util.internal.PlatformDependent0 - direct buffer constructor: unavailable: Reflective setAccessible(true) disabled
08:58:19.214 [main] DEBUG io.netty.util.internal.PlatformDependent0 - java.nio.Bits.unaligned: available, true
08:58:19.217 [main] DEBUG io.netty.util.internal.PlatformDependent0 - jdk.internal.misc.Unsafe.allocateUninitializedArray(int): unavailable: class io.netty.util.internal.PlatformDependent0$7 cannot access class jdk.internal.misc.Unsafe (in module java.base) because module java.base does not export jdk.internal.misc to unnamed module @7e32c033
08:58:19.221 [main] DEBUG io.netty.util.internal.PlatformDependent0 - java.nio.DirectByteBuffer.<init>(long, int): unavailable
08:58:19.221 [main] DEBUG io.netty.util.internal.PlatformDependent - sun.misc.Unsafe: available
08:58:19.222 [main] DEBUG io.netty.util.internal.PlatformDependent - maxDirectMemory: 1044381696 bytes (maybe)
08:58:19.222 [main] DEBUG io.netty.util.internal.PlatformDependent - -Dio.netty.tmpdir: C:\Users\prasanna.t\AppData\Local\Temp (java.io.tmpdir)
08:58:19.223 [main] DEBUG io.netty.util.internal.PlatformDependent - -Dio.netty.bitMode: 64 (sun.arch.data.model)
08:58:19.223 [main] DEBUG io.netty.util.internal.PlatformDependent - Platform: Windows
08:58:19.224 [main] DEBUG io.netty.util.internal.PlatformDependent - -Dio.netty.maxDirectMemory: -1 bytes
08:58:19.224 [main] DEBUG io.netty.util.internal.PlatformDependent - -Dio.netty.uninitializedArrayAllocationThreshold: -1
08:58:19.227 [main] DEBUG io.netty.util.internal.CleanerJava9 - java.nio.ByteBuffer.cleaner(): available
08:58:19.228 [main] DEBUG io.netty.util.internal.PlatformDependent - -Dio.netty.noPreferDirect: false
08:58:19.250 [main] DEBUG io.netty.util.internal.PlatformDependent - org.jctools-core.MpscChunkedArrayQueue: available
08:58:19.331 [main] DEBUG io.netty.util.internal.InternalThreadLocalMap - -Dio.netty.threadLocalMap.stringBuilder.initialSize: 1024
08:58:19.331 [main] DEBUG io.netty.util.internal.InternalThreadLocalMap - -Dio.netty.threadLocalMap.stringBuilder.maxSize: 4096
08:58:19.645 [main] DEBUG io.netty.handler.ssl.JdkSslContext - Default protocols (JDK): [TLSv1.3, TLSv1.2] 
08:58:19.645 [main] DEBUG io.netty.handler.ssl.JdkSslContext - Default cipher suites (JDK): [TLS_ECDHE_ECDSA_WITH_AES_256_GCM_SHA384, TLS_ECDHE_ECDSA_WITH_AES_128_GCM_SHA256, TLS_ECDHE_RSA_WITH_AES_128_GCM_SHA256, TLS_ECDHE_RSA_WITH_AES_256_GCM_SHA384, TLS_ECDHE_RSA_WITH_AES_128_CBC_SHA, TLS_ECDHE_RSA_WITH_AES_256_CBC_SHA, TLS_RSA_WITH_AES_128_GCM_SHA256, TLS_RSA_WITH_AES_128_CBC_SHA, TLS_RSA_WITH_AES_256_CBC_SHA, TLS_AES_128_GCM_SHA256, TLS_AES_256_GCM_SHA384]
08:58:19.734 [main] DEBUG io.netty.channel.MultithreadEventLoopGroup - -Dio.netty.eventLoopThreads: 8
08:58:19.763 [main] DEBUG io.netty.channel.nio.NioEventLoop - -Dio.netty.noKeySetOptimization: false
08:58:19.764 [main] DEBUG io.netty.channel.nio.NioEventLoop - -Dio.netty.selectorAutoRebuildThreshold: 512
08:58:20.002 [main] DEBUG io.netty.buffer.PooledByteBufAllocator - -Dio.netty.allocator.numHeapArenas: 8
08:58:20.002 [main] DEBUG io.netty.buffer.PooledByteBufAllocator - -Dio.netty.allocator.numDirectArenas: 8
08:58:20.002 [main] DEBUG io.netty.buffer.PooledByteBufAllocator - -Dio.netty.allocator.pageSize: 8192
08:58:20.002 [main] DEBUG io.netty.buffer.PooledByteBufAllocator - -Dio.netty.allocator.maxOrder: 9
08:58:20.002 [main] DEBUG io.netty.buffer.PooledByteBufAllocator - -Dio.netty.allocator.chunkSize: 4194304
08:58:20.003 [main] DEBUG io.netty.buffer.PooledByteBufAllocator - -Dio.netty.allocator.smallCacheSize: 256
08:58:20.003 [main] DEBUG io.netty.buffer.PooledByteBufAllocator - -Dio.netty.allocator.normalCacheSize: 64
08:58:20.003 [main] DEBUG io.netty.buffer.PooledByteBufAllocator - -Dio.netty.allocator.maxCachedBufferCapacity: 32768
08:58:20.003 [main] DEBUG io.netty.buffer.PooledByteBufAllocator - -Dio.netty.allocator.cacheTrimInterval: 8192
08:58:20.003 [main] DEBUG io.netty.buffer.PooledByteBufAllocator - -Dio.netty.allocator.cacheTrimIntervalMillis: 0
08:58:20.003 [main] DEBUG io.netty.buffer.PooledByteBufAllocator - -Dio.netty.allocator.useCacheForAllThreads: false
08:58:20.003 [main] DEBUG io.netty.buffer.PooledByteBufAllocator - -Dio.netty.allocator.maxCachedByteBuffersPerChunk: 1023
08:58:20.028 [main] DEBUG io.netty.buffer.ByteBufUtil - -Dio.netty.allocator.type: pooled
08:58:20.028 [main] DEBUG io.netty.buffer.ByteBufUtil - -Dio.netty.threadLocalDirectBufferSize: 0
08:58:20.028 [main] DEBUG io.netty.buffer.ByteBufUtil - -Dio.netty.maxThreadLocalCharBufferSize: 16384
08:58:20.716 [Forwarding newSession on session null to remote] DEBUG io.netty.channel.DefaultChannelId - -Dio.netty.processId: 15068 (auto-detected)
08:58:20.721 [Forwarding newSession on session null to remote] DEBUG io.netty.util.NetUtil - -Djava.net.preferIPv4Stack: false
08:58:20.721 [Forwarding newSession on session null to remote] DEBUG io.netty.util.NetUtil - -Djava.net.preferIPv6Addresses: false
08:58:20.736 [Forwarding newSession on session null to remote] DEBUG io.netty.util.NetUtilInitializations - Loopback interface: lo (Software Loopback Interface 1, 127.0.0.1)
08:58:20.738 [Forwarding newSession on session null to remote] DEBUG io.netty.util.NetUtil - Failed to get SOMAXCONN from sysctl and file \proc\sys\net\core\somaxconn. Default: 200
08:58:20.757 [Forwarding newSession on session null to remote] DEBUG io.netty.channel.DefaultChannelId - -Dio.netty.machineId: 28:16:ad:ff:fe:0b:c1:42 (auto-detected)
08:58:20.846 [AsyncHttpClient-1-2] DEBUG io.netty.buffer.AbstractByteBuf - -Dio.netty.buffer.checkAccessible: true
08:58:20.846 [AsyncHttpClient-1-2] DEBUG io.netty.buffer.AbstractByteBuf - -Dio.netty.buffer.checkBounds: true
08:58:20.847 [AsyncHttpClient-1-2] DEBUG io.netty.util.ResourceLeakDetectorFactory - Loaded default ResourceLeakDetector: io.netty.util.ResourceLeakDetector@25a8be82
08:58:20.886 [AsyncHttpClient-1-2] DEBUG io.netty.util.Recycler - -Dio.netty.recycler.maxCapacityPerThread: 4096
08:58:20.887 [AsyncHttpClient-1-2] DEBUG io.netty.util.Recycler - -Dio.netty.recycler.ratio: 8
08:58:20.887 [AsyncHttpClient-1-2] DEBUG io.netty.util.Recycler - -Dio.netty.recycler.chunkSize: 32
08:58:20.887 [AsyncHttpClient-1-2] DEBUG io.netty.util.Recycler - -Dio.netty.recycler.blocking: false
08:58:22.560 [AsyncHttpClient-1-2] DEBUG io.netty.handler.codec.compression.Brotli - brotli4j not in the classpath; Brotli support will be unavailable.
08:58:22.771 [main] DEBUG io.netty.util.internal.ThreadLocalRandom - -Dio.netty.initialSeedUniquifier: 0x42613f2d6f6e473d
08:58:24.616 [main] INFO  testCases.TC_002_LoginPageTest - *** Starting TC_002_LoginPageTest ***
08:58:24.949 [main] INFO  testCases.TC_002_LoginPageTest - Clicked on MyAccount link
08:58:25.594 [main] INFO  testCases.TC_002_LoginPageTest - Clicked on Login link
08:58:26.040 [main] INFO  testCases.TC_002_LoginPageTest - Provided Login details
08:58:26.883 [main] INFO  testCases.TC_002_LoginPageTest - *** Completed TC_002_LoginPageTest ***
09:03:49.306 [main] DEBUG io.netty.util.internal.logging.InternalLoggerFactory - Using Log4J2 as the default logging framework
09:03:49.323 [main] DEBUG io.netty.util.ResourceLeakDetector - -Dio.netty.leakDetection.level: simple
09:03:49.323 [main] DEBUG io.netty.util.ResourceLeakDetector - -Dio.netty.leakDetection.targetRecords: 4
09:03:49.333 [main] DEBUG io.netty.util.ResourceLeakDetectorFactory - Loaded default ResourceLeakDetector: io.netty.util.ResourceLeakDetector@bb095
09:03:49.372 [main] DEBUG io.netty.util.internal.PlatformDependent0 - -Dio.netty.noUnsafe: false
09:03:49.372 [main] DEBUG io.netty.util.internal.PlatformDependent0 - Java version: 17
09:03:49.376 [main] DEBUG io.netty.util.internal.PlatformDependent0 - sun.misc.Unsafe.theUnsafe: available
09:03:49.376 [main] DEBUG io.netty.util.internal.PlatformDependent0 - sun.misc.Unsafe.copyMemory: available
09:03:49.377 [main] DEBUG io.netty.util.internal.PlatformDependent0 - sun.misc.Unsafe.storeFence: available
09:03:49.380 [main] DEBUG io.netty.util.internal.PlatformDependent0 - java.nio.Buffer.address: available
09:03:49.380 [main] DEBUG io.netty.util.internal.PlatformDependent0 - direct buffer constructor: unavailable: Reflective setAccessible(true) disabled
09:03:49.382 [main] DEBUG io.netty.util.internal.PlatformDependent0 - java.nio.Bits.unaligned: available, true
09:03:49.386 [main] DEBUG io.netty.util.internal.PlatformDependent0 - jdk.internal.misc.Unsafe.allocateUninitializedArray(int): unavailable: class io.netty.util.internal.PlatformDependent0$7 cannot access class jdk.internal.misc.Unsafe (in module java.base) because module java.base does not export jdk.internal.misc to unnamed module @7e32c033
09:03:49.390 [main] DEBUG io.netty.util.internal.PlatformDependent0 - java.nio.DirectByteBuffer.<init>(long, int): unavailable
09:03:49.390 [main] DEBUG io.netty.util.internal.PlatformDependent - sun.misc.Unsafe: available
09:03:49.391 [main] DEBUG io.netty.util.internal.PlatformDependent - maxDirectMemory: 1044381696 bytes (maybe)
09:03:49.391 [main] DEBUG io.netty.util.internal.PlatformDependent - -Dio.netty.tmpdir: C:\Users\prasanna.t\AppData\Local\Temp (java.io.tmpdir)
09:03:49.391 [main] DEBUG io.netty.util.internal.PlatformDependent - -Dio.netty.bitMode: 64 (sun.arch.data.model)
09:03:49.392 [main] DEBUG io.netty.util.internal.PlatformDependent - Platform: Windows
09:03:49.393 [main] DEBUG io.netty.util.internal.PlatformDependent - -Dio.netty.maxDirectMemory: -1 bytes
09:03:49.393 [main] DEBUG io.netty.util.internal.PlatformDependent - -Dio.netty.uninitializedArrayAllocationThreshold: -1
09:03:49.395 [main] DEBUG io.netty.util.internal.CleanerJava9 - java.nio.ByteBuffer.cleaner(): available
09:03:49.395 [main] DEBUG io.netty.util.internal.PlatformDependent - -Dio.netty.noPreferDirect: false
09:03:49.406 [main] DEBUG io.netty.util.internal.PlatformDependent - org.jctools-core.MpscChunkedArrayQueue: available
09:03:49.454 [main] DEBUG io.netty.util.internal.InternalThreadLocalMap - -Dio.netty.threadLocalMap.stringBuilder.initialSize: 1024
09:03:49.454 [main] DEBUG io.netty.util.internal.InternalThreadLocalMap - -Dio.netty.threadLocalMap.stringBuilder.maxSize: 4096
09:03:49.738 [main] DEBUG io.netty.handler.ssl.JdkSslContext - Default protocols (JDK): [TLSv1.3, TLSv1.2] 
09:03:49.739 [main] DEBUG io.netty.handler.ssl.JdkSslContext - Default cipher suites (JDK): [TLS_ECDHE_ECDSA_WITH_AES_256_GCM_SHA384, TLS_ECDHE_ECDSA_WITH_AES_128_GCM_SHA256, TLS_ECDHE_RSA_WITH_AES_128_GCM_SHA256, TLS_ECDHE_RSA_WITH_AES_256_GCM_SHA384, TLS_ECDHE_RSA_WITH_AES_128_CBC_SHA, TLS_ECDHE_RSA_WITH_AES_256_CBC_SHA, TLS_RSA_WITH_AES_128_GCM_SHA256, TLS_RSA_WITH_AES_128_CBC_SHA, TLS_RSA_WITH_AES_256_CBC_SHA, TLS_AES_128_GCM_SHA256, TLS_AES_256_GCM_SHA384]
09:03:49.796 [main] DEBUG io.netty.channel.MultithreadEventLoopGroup - -Dio.netty.eventLoopThreads: 8
09:03:49.817 [main] DEBUG io.netty.channel.nio.NioEventLoop - -Dio.netty.noKeySetOptimization: false
09:03:49.818 [main] DEBUG io.netty.channel.nio.NioEventLoop - -Dio.netty.selectorAutoRebuildThreshold: 512
09:03:50.038 [main] DEBUG io.netty.buffer.PooledByteBufAllocator - -Dio.netty.allocator.numHeapArenas: 8
09:03:50.038 [main] DEBUG io.netty.buffer.PooledByteBufAllocator - -Dio.netty.allocator.numDirectArenas: 8
09:03:50.038 [main] DEBUG io.netty.buffer.PooledByteBufAllocator - -Dio.netty.allocator.pageSize: 8192
09:03:50.038 [main] DEBUG io.netty.buffer.PooledByteBufAllocator - -Dio.netty.allocator.maxOrder: 9
09:03:50.039 [main] DEBUG io.netty.buffer.PooledByteBufAllocator - -Dio.netty.allocator.chunkSize: 4194304
09:03:50.039 [main] DEBUG io.netty.buffer.PooledByteBufAllocator - -Dio.netty.allocator.smallCacheSize: 256
09:03:50.039 [main] DEBUG io.netty.buffer.PooledByteBufAllocator - -Dio.netty.allocator.normalCacheSize: 64
09:03:50.039 [main] DEBUG io.netty.buffer.PooledByteBufAllocator - -Dio.netty.allocator.maxCachedBufferCapacity: 32768
09:03:50.040 [main] DEBUG io.netty.buffer.PooledByteBufAllocator - -Dio.netty.allocator.cacheTrimInterval: 8192
09:03:50.040 [main] DEBUG io.netty.buffer.PooledByteBufAllocator - -Dio.netty.allocator.cacheTrimIntervalMillis: 0
09:03:50.040 [main] DEBUG io.netty.buffer.PooledByteBufAllocator - -Dio.netty.allocator.useCacheForAllThreads: false
09:03:50.040 [main] DEBUG io.netty.buffer.PooledByteBufAllocator - -Dio.netty.allocator.maxCachedByteBuffersPerChunk: 1023
09:03:50.062 [main] DEBUG io.netty.buffer.ByteBufUtil - -Dio.netty.allocator.type: pooled
09:03:50.062 [main] DEBUG io.netty.buffer.ByteBufUtil - -Dio.netty.threadLocalDirectBufferSize: 0
09:03:50.062 [main] DEBUG io.netty.buffer.ByteBufUtil - -Dio.netty.maxThreadLocalCharBufferSize: 16384
09:03:50.750 [Forwarding newSession on session null to remote] DEBUG io.netty.channel.DefaultChannelId - -Dio.netty.processId: 256 (auto-detected)
09:03:50.755 [Forwarding newSession on session null to remote] DEBUG io.netty.util.NetUtil - -Djava.net.preferIPv4Stack: false
09:03:50.755 [Forwarding newSession on session null to remote] DEBUG io.netty.util.NetUtil - -Djava.net.preferIPv6Addresses: false
09:03:50.766 [Forwarding newSession on session null to remote] DEBUG io.netty.util.NetUtilInitializations - Loopback interface: lo (Software Loopback Interface 1, 127.0.0.1)
09:03:50.768 [Forwarding newSession on session null to remote] DEBUG io.netty.util.NetUtil - Failed to get SOMAXCONN from sysctl and file \proc\sys\net\core\somaxconn. Default: 200
09:03:50.788 [Forwarding newSession on session null to remote] DEBUG io.netty.channel.DefaultChannelId - -Dio.netty.machineId: 28:16:ad:ff:fe:0b:c1:42 (auto-detected)
09:03:50.887 [AsyncHttpClient-1-2] DEBUG io.netty.buffer.AbstractByteBuf - -Dio.netty.buffer.checkAccessible: true
09:03:50.888 [AsyncHttpClient-1-2] DEBUG io.netty.buffer.AbstractByteBuf - -Dio.netty.buffer.checkBounds: true
09:03:50.888 [AsyncHttpClient-1-2] DEBUG io.netty.util.ResourceLeakDetectorFactory - Loaded default ResourceLeakDetector: io.netty.util.ResourceLeakDetector@14c5f420
09:03:50.930 [AsyncHttpClient-1-2] DEBUG io.netty.util.Recycler - -Dio.netty.recycler.maxCapacityPerThread: 4096
09:03:50.930 [AsyncHttpClient-1-2] DEBUG io.netty.util.Recycler - -Dio.netty.recycler.ratio: 8
09:03:50.930 [AsyncHttpClient-1-2] DEBUG io.netty.util.Recycler - -Dio.netty.recycler.chunkSize: 32
09:03:50.930 [AsyncHttpClient-1-2] DEBUG io.netty.util.Recycler - -Dio.netty.recycler.blocking: false
09:03:52.888 [AsyncHttpClient-1-2] DEBUG io.netty.handler.codec.compression.Brotli - brotli4j not in the classpath; Brotli support will be unavailable.
09:03:53.125 [main] DEBUG io.netty.util.internal.ThreadLocalRandom - -Dio.netty.initialSeedUniquifier: 0xb87df32623631cd7
09:03:54.999 [main] DEBUG testCases.TC_002_LoginPageTest - Application Logs...........
09:03:54.999 [main] INFO  testCases.TC_002_LoginPageTest - *** Starting TC_002_LoginPageTest ***
09:03:55.319 [main] INFO  testCases.TC_002_LoginPageTest - Clicked on MyAccount link
09:03:55.964 [main] INFO  testCases.TC_002_LoginPageTest - Clicked on Login link
09:03:56.811 [main] INFO  testCases.TC_002_LoginPageTest - Provided Login details
09:03:57.772 [main] INFO  testCases.TC_002_LoginPageTest - *** Completed TC_002_LoginPageTest ***
09:12:24.493 [main] INFO  testCases.TC_002_LoginPageTest - *** Starting TC_002_LoginPageTest ***
09:12:24.827 [main] INFO  testCases.TC_002_LoginPageTest - Clicked on MyAccount link
09:12:25.628 [main] INFO  testCases.TC_002_LoginPageTest - Clicked on Login link
09:12:26.126 [main] INFO  testCases.TC_002_LoginPageTest - Provided Login details
09:12:27.027 [main] INFO  testCases.TC_002_LoginPageTest - *** Completed TC_002_LoginPageTest ***
17:45:18.850 [main] INFO  testCases.TC_002_LoginPageTest - *** Starting TC_002_LoginPageTest ***
17:45:19.156 [main] INFO  testCases.TC_002_LoginPageTest - Clicked on MyAccount link
17:45:19.962 [main] INFO  testCases.TC_002_LoginPageTest - Clicked on Login link
17:45:20.229 [main] INFO  testCases.TC_002_LoginPageTest - Provided Login details
17:45:20.787 [main] INFO  testCases.TC_002_LoginPageTest - *** Completed TC_002_LoginPageTest ***
17:45:53.109 [main] INFO  testCases.TC_002_LoginPageTest - *** Starting TC_002_LoginPageTest ***
17:45:53.317 [main] INFO  testCases.TC_002_LoginPageTest - Clicked on MyAccount link
17:45:53.824 [main] INFO  testCases.TC_002_LoginPageTest - Clicked on Login link
17:45:54.158 [main] INFO  testCases.TC_002_LoginPageTest - Provided Login details
17:45:54.890 [main] INFO  testCases.TC_002_LoginPageTest - *** Completed TC_002_LoginPageTest ***
17:49:40.082 [main] INFO  testCases.TC_002_LoginPageTest - *** Starting TC_002_LoginPageTest ***
17:49:40.314 [main] INFO  testCases.TC_002_LoginPageTest - Clicked on MyAccount link
17:49:41.326 [main] INFO  testCases.TC_002_LoginPageTest - Clicked on Login link
17:49:42.280 [main] INFO  testCases.TC_002_LoginPageTest - Provided Login details
17:49:42.835 [main] INFO  testCases.TC_002_LoginPageTest - *** Completed TC_002_LoginPageTest ***
17:56:18.755 [TestNG-tests-1] INFO  testCases.TC_002_LoginPageTest - *** Starting TC_002_LoginPageTest ***
17:56:20.191 [TestNG-tests-1] INFO  testCases.TC_002_LoginPageTest - Clicked on MyAccount link
17:56:21.467 [TestNG-tests-1] INFO  testCases.TC_002_LoginPageTest - Clicked on Login link
17:56:24.313 [TestNG-tests-1] INFO  testCases.TC_002_LoginPageTest - Provided Login details
17:56:24.621 [TestNG-tests-1] INFO  testCases.TC_002_LoginPageTest - *** Completed TC_002_LoginPageTest ***
17:56:25.780 [TestNG-tests-2] INFO  testCases.TC_002_LoginPageTest - *** Starting TC_002_LoginPageTest ***
17:56:26.067 [TestNG-tests-2] INFO  testCases.TC_002_LoginPageTest - Clicked on MyAccount link
17:56:26.758 [TestNG-tests-2] INFO  testCases.TC_002_LoginPageTest - Clicked on Login link
17:56:27.111 [TestNG-tests-2] INFO  testCases.TC_002_LoginPageTest - Provided Login details
17:56:27.404 [TestNG-tests-2] INFO  testCases.TC_002_LoginPageTest - *** Completed TC_002_LoginPageTest ***
18:20:53.350 [main] INFO  testCases.TC_002_LoginPageTest - *** Starting TC_002_LoginPageTest ***
18:20:53.859 [main] INFO  testCases.TC_002_LoginPageTest - Clicked on MyAccount link
18:20:54.760 [main] INFO  testCases.TC_002_LoginPageTest - Clicked on Login link
18:20:55.129 [main] INFO  testCases.TC_002_LoginPageTest - Provided Login details
18:20:55.444 [main] INFO  testCases.TC_002_LoginPageTest - *** Completed TC_002_LoginPageTest ***
18:21:02.581 [main] INFO  testCases.TC_002_LoginPageTest - *** Starting TC_002_LoginPageTest ***
18:21:02.891 [main] INFO  testCases.TC_002_LoginPageTest - Clicked on MyAccount link
18:21:03.358 [main] INFO  testCases.TC_002_LoginPageTest - Clicked on Login link
18:21:03.623 [main] INFO  testCases.TC_002_LoginPageTest - Provided Login details
18:21:04.166 [main] INFO  testCases.TC_002_LoginPageTest - *** Completed TC_002_LoginPageTest ***
18:22:47.113 [main] INFO  testCases.TC_002_LoginPageTest - *** Starting TC_002_LoginPageTest ***
18:22:47.498 [main] INFO  testCases.TC_002_LoginPageTest - Clicked on MyAccount link
18:22:48.061 [main] INFO  testCases.TC_002_LoginPageTest - Clicked on Login link
18:22:48.702 [main] INFO  testCases.TC_002_LoginPageTest - Provided Login details
18:22:49.113 [main] INFO  testCases.TC_002_LoginPageTest - *** Completed TC_002_LoginPageTest ***
18:22:55.233 [main] INFO  testCases.TC_002_LoginPageTest - *** Starting TC_002_LoginPageTest ***
18:22:55.492 [main] INFO  testCases.TC_002_LoginPageTest - Clicked on MyAccount link
18:22:56.017 [main] INFO  testCases.TC_002_LoginPageTest - Clicked on Login link
18:22:56.199 [main] INFO  testCases.TC_002_LoginPageTest - Provided Login details
18:22:56.873 [main] INFO  testCases.TC_002_LoginPageTest - *** Completed TC_002_LoginPageTest ***
18:23:41.224 [main] INFO  testCases.TC_002_LoginPageTest - *** Starting TC_002_LoginPageTest ***
18:23:41.441 [main] INFO  testCases.TC_002_LoginPageTest - Clicked on MyAccount link
18:23:41.989 [main] INFO  testCases.TC_002_LoginPageTest - Clicked on Login link
18:23:42.387 [main] INFO  testCases.TC_002_LoginPageTest - Provided Login details
18:23:43.058 [main] INFO  testCases.TC_002_LoginPageTest - *** Completed TC_002_LoginPageTest ***
18:23:49.569 [main] INFO  testCases.TC_002_LoginPageTest - *** Starting TC_002_LoginPageTest ***
18:23:49.786 [main] INFO  testCases.TC_002_LoginPageTest - Clicked on MyAccount link
18:23:50.326 [main] INFO  testCases.TC_002_LoginPageTest - Clicked on Login link
18:23:50.661 [main] INFO  testCases.TC_002_LoginPageTest - Provided Login details
18:23:50.942 [main] INFO  testCases.TC_002_LoginPageTest - *** Completed TC_002_LoginPageTest ***
18:25:04.090 [TestNG-tests-1] INFO  testCases.TC_002_LoginPageTest - *** Starting TC_002_LoginPageTest ***
18:25:05.288 [TestNG-tests-1] INFO  testCases.TC_002_LoginPageTest - Clicked on MyAccount link
18:25:05.546 [TestNG-tests-2] INFO  testCases.TC_002_LoginPageTest - *** Starting TC_002_LoginPageTest ***
18:25:05.913 [TestNG-tests-2] INFO  testCases.TC_002_LoginPageTest - Clicked on MyAccount link
18:25:06.570 [TestNG-tests-1] INFO  testCases.TC_002_LoginPageTest - Clicked on Login link
18:25:07.546 [TestNG-tests-2] INFO  testCases.TC_002_LoginPageTest - Clicked on Login link
18:25:07.884 [TestNG-tests-2] INFO  testCases.TC_002_LoginPageTest - Provided Login details
18:25:08.286 [TestNG-tests-2] INFO  testCases.TC_002_LoginPageTest - *** Completed TC_002_LoginPageTest ***
18:25:08.617 [TestNG-tests-1] INFO  testCases.TC_002_LoginPageTest - Provided Login details
18:25:08.886 [TestNG-tests-1] INFO  testCases.TC_002_LoginPageTest - *** Completed TC_002_LoginPageTest ***
20:03:42.620 [main] INFO  testCases.TC_002_LoginPageTest - *** Starting TC_002_LoginPageTest ***
20:03:42.943 [main] INFO  testCases.TC_002_LoginPageTest - Clicked on MyAccount link
20:03:43.693 [main] INFO  testCases.TC_002_LoginPageTest - Clicked on Login link
20:03:44.345 [main] INFO  testCases.TC_002_LoginPageTest - Provided Login details
20:03:45.039 [main] INFO  testCases.TC_002_LoginPageTest - *** Completed TC_002_LoginPageTest ***
20:09:50.070 [main] INFO  testCases.TC_002_LoginPageTest - *** Starting TC_002_LoginPageTest ***
20:09:50.461 [main] INFO  testCases.TC_002_LoginPageTest - Clicked on MyAccount link
20:09:51.322 [main] INFO  testCases.TC_002_LoginPageTest - Clicked on Login link
20:09:51.327 [main] INFO  testCases.TC_002_LoginPageTest - Provided Login details
20:09:51.663 [main] INFO  testCases.TC_002_LoginPageTest - *** Completed TC_002_LoginPageTest ***
20:11:51.672 [main] INFO  testCases.TC_002_LoginPageTest - *** Starting TC_002_LoginPageTest ***
20:11:52.141 [main] INFO  testCases.TC_002_LoginPageTest - Clicked on MyAccount link
20:11:52.809 [main] INFO  testCases.TC_002_LoginPageTest - Clicked on Login link
20:11:52.812 [main] INFO  testCases.TC_002_LoginPageTest - Provided Login details
20:11:53.399 [main] INFO  testCases.TC_002_LoginPageTest - *** Completed TC_002_LoginPageTest ***
20:12:24.450 [main] INFO  testCases.TC_002_LoginPageTest - *** Starting TC_002_LoginPageTest ***
20:12:24.968 [main] INFO  testCases.TC_002_LoginPageTest - Clicked on MyAccount link
20:12:25.513 [main] INFO  testCases.TC_002_LoginPageTest - Clicked on Login link
20:12:25.689 [main] INFO  testCases.TC_002_LoginPageTest - Provided Login details
20:12:25.775 [main] INFO  testCases.TC_002_LoginPageTest - *** Completed TC_002_LoginPageTest ***
20:14:14.483 [main] INFO  testCases.TC_002_LoginPageTest - *** Starting TC_002_LoginPageTest ***
20:14:15.183 [main] INFO  testCases.TC_002_LoginPageTest - Clicked on MyAccount link
20:14:15.929 [main] INFO  testCases.TC_002_LoginPageTest - Clicked on Login link
20:14:15.936 [main] INFO  testCases.TC_002_LoginPageTest - Provided Login details
20:14:16.708 [main] INFO  testCases.TC_002_LoginPageTest - *** Completed TC_002_LoginPageTest ***
20:15:12.375 [main] INFO  testCases.TC_002_LoginPageTest - *** Starting TC_002_LoginPageTest ***
20:15:12.436 [main] INFO  testCases.TC_002_LoginPageTest - Clicked on MyAccount link
20:20:53.254 [main] INFO  testCases.TC_002_LoginPageTest - *** Starting TC_002_LoginPageTest ***
20:20:53.663 [main] INFO  testCases.TC_002_LoginPageTest - Clicked on MyAccount link
20:20:54.345 [main] INFO  testCases.TC_002_LoginPageTest - Clicked on Login link
20:20:54.630 [main] INFO  testCases.TC_002_LoginPageTest - Provided Login details
20:20:54.877 [main] INFO  testCases.TC_002_LoginPageTest - *** Completed TC_002_LoginPageTest ***
20:36:07.845 [main] INFO  testCases.TC_002_LoginPageTest - *** Starting TC_002_LoginPageTest ***
20:36:08.086 [main] INFO  testCases.TC_002_LoginPageTest - Clicked on MyAccount link
20:36:08.710 [main] INFO  testCases.TC_002_LoginPageTest - Clicked on Login link
20:36:08.876 [main] INFO  testCases.TC_002_LoginPageTest - Provided Login details
20:38:11.185 [main] INFO  testCases.TC_002_LoginPageTest - *** Starting TC_002_LoginPageTest ***
20:38:11.653 [main] INFO  testCases.TC_002_LoginPageTest - Clicked on MyAccount link
20:38:12.418 [main] INFO  testCases.TC_002_LoginPageTest - Clicked on Login link
20:38:12.895 [main] INFO  testCases.TC_002_LoginPageTest - Provided Login details
20:39:26.468 [main] INFO  testCases.TC_002_LoginPageTest - *** Starting TC_002_LoginPageTest ***
20:39:26.628 [main] INFO  testCases.TC_002_LoginPageTest - Clicked on MyAccount link
20:39:27.188 [main] INFO  testCases.TC_002_LoginPageTest - Clicked on Login link
20:39:27.560 [main] INFO  testCases.TC_002_LoginPageTest - Provided Login details
20:39:27.833 [main] INFO  testCases.TC_002_LoginPageTest - *** Completed TC_002_LoginPageTest ***
20:46:24.013 [main] INFO  testCases.TC_002_LoginPageTest - *** Starting TC_002_LoginPageTest ***
20:46:24.417 [main] INFO  testCases.TC_002_LoginPageTest - Clicked on MyAccount link
20:46:25.134 [main] INFO  testCases.TC_002_LoginPageTest - Clicked on Login link
20:46:25.371 [main] INFO  testCases.TC_002_LoginPageTest - Provided Login details
20:52:55.426 [main] INFO  testCases.TC_002_LoginPageTest - *** Starting TC_002_LoginPageTest ***
20:52:55.699 [main] INFO  testCases.TC_002_LoginPageTest - Clicked on MyAccount link
20:52:56.973 [main] INFO  testCases.TC_002_LoginPageTest - Clicked on Login link
20:52:57.280 [main] INFO  testCases.TC_002_LoginPageTest - Provided Login details
20:53:29.663 [main] INFO  testCases.TC_002_LoginPageTest - *** Starting TC_002_LoginPageTest ***
20:53:29.880 [main] INFO  testCases.TC_002_LoginPageTest - Clicked on MyAccount link
20:53:30.408 [main] INFO  testCases.TC_002_LoginPageTest - Clicked on Login link
20:53:30.777 [main] INFO  testCases.TC_002_LoginPageTest - Provided Login details
20:55:05.532 [main] INFO  testCases.TC_002_LoginPageTest - *** Starting TC_002_LoginPageTest ***
20:55:06.031 [main] INFO  testCases.TC_002_LoginPageTest - Clicked on MyAccount link
20:55:06.743 [main] INFO  testCases.TC_002_LoginPageTest - Clicked on Login link
20:55:07.256 [main] INFO  testCases.TC_002_LoginPageTest - Provided Login details
20:55:07.718 [main] INFO  testCases.TC_002_LoginPageTest - *** Completed TC_002_LoginPageTest ***
16:18:56.186 [main] INFO  testCases.TC_003_LoginDataDrivenTest -  Starting TC_003_LoginDataDrivenTest 
16:18:57.996 [main] INFO  testCases.TC_003_LoginDataDrivenTest -  Finished TC_003_LoginDataDrivenTest
16:18:58.027 [main] INFO  testCases.TC_003_LoginDataDrivenTest -  Starting TC_003_LoginDataDrivenTest 
16:18:59.567 [main] INFO  testCases.TC_003_LoginDataDrivenTest -  Finished TC_003_LoginDataDrivenTest
16:18:59.576 [main] INFO  testCases.TC_003_LoginDataDrivenTest -  Starting TC_003_LoginDataDrivenTest 
16:19:01.505 [main] INFO  testCases.TC_003_LoginDataDrivenTest -  Finished TC_003_LoginDataDrivenTest
16:19:01.508 [main] INFO  testCases.TC_003_LoginDataDrivenTest -  Starting TC_003_LoginDataDrivenTest 
16:19:02.937 [main] INFO  testCases.TC_003_LoginDataDrivenTest -  Finished TC_003_LoginDataDrivenTest
16:19:02.942 [main] INFO  testCases.TC_003_LoginDataDrivenTest -  Starting TC_003_LoginDataDrivenTest 
16:19:04.206 [main] INFO  testCases.TC_003_LoginDataDrivenTest -  Finished TC_003_LoginDataDrivenTest
16:22:54.114 [main] INFO  testCases.TC_002_LoginPageTest - *** Starting TC_002_LoginPageTest ***
16:22:54.784 [main] INFO  testCases.TC_002_LoginPageTest - Clicked on MyAccount link
16:22:55.866 [main] INFO  testCases.TC_002_LoginPageTest - Clicked on Login link
16:22:56.329 [main] INFO  testCases.TC_002_LoginPageTest - Provided Login details
16:22:56.600 [main] INFO  testCases.TC_002_LoginPageTest - *** Completed TC_002_LoginPageTest ***
19:08:53.076 [main] INFO  testCases.TC_002_LoginPageTest - *** Starting TC_002_LoginPageTest ***
19:08:53.558 [main] INFO  testCases.TC_002_LoginPageTest - Clicked on MyAccount link
19:08:54.259 [main] INFO  testCases.TC_002_LoginPageTest - Clicked on Login link
19:08:55.294 [main] INFO  testCases.TC_002_LoginPageTest - Provided Login details
19:08:55.771 [main] INFO  testCases.TC_002_LoginPageTest - *** Completed TC_002_LoginPageTest ***
19:10:43.762 [main] INFO  testCases.TC_002_LoginPageTest - *** Starting TC_002_LoginPageTest ***
19:10:44.024 [main] INFO  testCases.TC_002_LoginPageTest - Clicked on MyAccount link
19:10:44.738 [main] INFO  testCases.TC_002_LoginPageTest - Clicked on Login link
19:10:44.935 [main] INFO  testCases.TC_002_LoginPageTest - Provided Login details
19:10:45.139 [main] INFO  testCases.TC_002_LoginPageTest - *** Completed TC_002_LoginPageTest ***
20:40:21.852 [main] INFO  testCases.TC_002_LoginPageTest - *** Starting TC_002_LoginPageTest ***
20:40:22.189 [main] INFO  testCases.TC_002_LoginPageTest - Clicked on MyAccount link
20:40:23.420 [main] INFO  testCases.TC_002_LoginPageTest - Clicked on Login link
20:40:23.950 [main] INFO  testCases.TC_002_LoginPageTest - Provided Login details
20:40:24.750 [main] INFO  testCases.TC_002_LoginPageTest - *** Completed TC_002_LoginPageTest ***
21:00:30.240 [main] INFO  testCases.TC_002_LoginPageTest - *** Starting TC_002_LoginPageTest ***
21:00:30.714 [main] INFO  testCases.TC_002_LoginPageTest - Clicked on MyAccount link
21:00:31.448 [main] INFO  testCases.TC_002_LoginPageTest - Clicked on Login link
21:00:31.848 [main] INFO  testCases.TC_002_LoginPageTest - Provided Login details
21:00:32.350 [main] INFO  testCases.TC_002_LoginPageTest - *** Completed TC_002_LoginPageTest ***
22:20:05.879 [main] INFO  testCases.TC_002_LoginPageTest - *** Starting TC_002_LoginPageTest ***
22:20:06.113 [main] INFO  testCases.TC_002_LoginPageTest - Clicked on MyAccount link
22:20:06.600 [main] INFO  testCases.TC_002_LoginPageTest - Clicked on Login link
22:20:06.902 [main] INFO  testCases.TC_002_LoginPageTest - Provided Login details
22:20:07.571 [main] INFO  testCases.TC_002_LoginPageTest - *** Completed TC_002_LoginPageTest ***
23:18:04.298 [main] INFO  testCases.TC_002_LoginPageTest - *** Starting TC_002_LoginPageTest ***
23:18:04.578 [main] INFO  testCases.TC_002_LoginPageTest - Clicked on MyAccount link
23:18:05.239 [main] INFO  testCases.TC_002_LoginPageTest - Clicked on Login link
23:18:05.629 [main] INFO  testCases.TC_002_LoginPageTest - Provided Login details
23:18:06.343 [main] INFO  testCases.TC_002_LoginPageTest - *** Completed TC_002_LoginPageTest ***
